<?xml version="1.0" encoding="UTF-8"?>
<!-- Generated by org.testng.reporters.JUnitReportReporter -->
<testsuite hostname="STPL-L-HO-0043" failures="0" tests="2" name="com.happyfares.config.Webdriverconfig" time="6.239" errors="0" timestamp="28 Jun 2022 16:09:57 GMT" skipped="0">
  <testcase classname="com.happyfares.config.Webdriverconfig" name="Chromeconfig" time="2.445"/>
  <testcase classname="com.happyfares.config.Webdriverconfig" name="Chromeconfig" time="3.794"/>
</testsuite> <!-- com.happyfares.config.Webdriverconfig -->
